2014-01-02 11:50:00.653 HelloWorld[20771:80b] Multi-tasking -> Device: YES, App: YES
2014-01-02 11:50:00.673 HelloWorld[20771:80b] Unlimited access to network resources
2014-01-02 11:50:00.771 HelloWorld[20771:80b] Resetting plugins due to page load.
2014-01-02 11:50:00.829 HelloWorld[20771:80b] Finished load of: file:///Users/ryanbowman/Library/Application%20Support/iPhone%20Simulator/7.0.3/Applications/3BD84257-D064-4417-BF2D-E983FD8A7F98/HelloWorld.app/www/index.html
2014-01-03 17:30:24.733 HelloWorld[26785:80b] Multi-tasking -> Device: YES, App: YES
2014-01-03 17:30:24.741 HelloWorld[26785:80b] Unlimited access to network resources
2014-01-03 17:30:24.842 HelloWorld[26785:80b] Resetting plugins due to page load.
2014-01-03 17:30:24.906 HelloWorld[26785:80b] Finished load of: file:///Users/ryanbowman/Library/Application%20Support/iPhone%20Simulator/7.0.3-64/Applications/2336DE44-0585-4749-B2BC-081461875966/HelloWorld.app/www/index.html
2014-01-03 17:31:35.095 HelloWorld[27459:80b] Multi-tasking -> Device: YES, App: YES
2014-01-03 17:31:35.103 HelloWorld[27459:80b] Unlimited access to network resources
2014-01-03 17:31:35.211 HelloWorld[27459:80b] Resetting plugins due to page load.
2014-01-03 17:31:35.254 HelloWorld[27459:80b] Finished load of: file:///Users/ryanbowman/Library/Application%20Support/iPhone%20Simulator/7.0.3-64/Applications/2336DE44-0585-4749-B2BC-081461875966/HelloWorld.app/www/index.html
2014-01-03 17:34:28.489 HelloWorld[28160:80b] Multi-tasking -> Device: YES, App: YES
2014-01-03 17:34:28.495 HelloWorld[28160:80b] Unlimited access to network resources
2014-01-03 17:34:28.627 HelloWorld[28160:80b] Resetting plugins due to page load.
2014-01-03 17:34:28.669 HelloWorld[28160:80b] Finished load of: file:///Users/ryanbowman/Library/Application%20Support/iPhone%20Simulator/7.0.3-64/Applications/2336DE44-0585-4749-B2BC-081461875966/HelloWorld.app/www/index.html
2014-01-03 17:35:07.493 HelloWorld[28828:80b] Multi-tasking -> Device: YES, App: YES
2014-01-03 17:35:07.499 HelloWorld[28828:80b] Unlimited access to network resources
2014-01-03 17:35:07.610 HelloWorld[28828:80b] Resetting plugins due to page load.
2014-01-03 17:35:07.658 HelloWorld[28828:80b] Finished load of: file:///Users/ryanbowman/Library/Application%20Support/iPhone%20Simulator/7.0.3-64/Applications/2336DE44-0585-4749-B2BC-081461875966/HelloWorld.app/www/index.html
2014-01-03 17:55:19.575 HelloWorld[29647:80b] Multi-tasking -> Device: YES, App: YES
2014-01-03 17:55:19.582 HelloWorld[29647:80b] Unlimited access to network resources
2014-01-03 17:55:19.736 HelloWorld[29647:80b] Resetting plugins due to page load.
2014-01-03 17:55:19.901 HelloWorld[29647:80b] Finished load of: file:///Users/ryanbowman/Library/Application%20Support/iPhone%20Simulator/7.0.3-64/Applications/2336DE44-0585-4749-B2BC-081461875966/HelloWorld.app/www/index.html
2014-01-03 17:58:34.057 HelloWorld[30351:80b] Multi-tasking -> Device: YES, App: YES
2014-01-03 17:58:34.068 HelloWorld[30351:80b] Unlimited access to network resources
2014-01-03 17:58:34.191 HelloWorld[30351:80b] Resetting plugins due to page load.
2014-01-03 17:58:34.275 HelloWorld[30351:80b] Finished load of: file:///Users/ryanbowman/Library/Application%20Support/iPhone%20Simulator/7.0.3-64/Applications/2336DE44-0585-4749-B2BC-081461875966/HelloWorld.app/www/index.html
2014-01-03 17:59:03.070 HelloWorld[31021:80b] Multi-tasking -> Device: YES, App: YES
2014-01-03 17:59:03.080 HelloWorld[31021:80b] Unlimited access to network resources
2014-01-03 17:59:03.187 HelloWorld[31021:80b] Resetting plugins due to page load.
2014-01-03 17:59:03.286 HelloWorld[31021:80b] Finished load of: file:///Users/ryanbowman/Library/Application%20Support/iPhone%20Simulator/7.0.3-64/Applications/2336DE44-0585-4749-B2BC-081461875966/HelloWorld.app/www/index.html
2014-01-03 17:59:59.568 HelloWorld[32302:80b] Multi-tasking -> Device: YES, App: YES
2014-01-03 17:59:59.574 HelloWorld[32302:80b] Unlimited access to network resources
2014-01-03 17:59:59.741 HelloWorld[32302:80b] Resetting plugins due to page load.
2014-01-03 17:59:59.817 HelloWorld[32302:80b] Finished load of: file:///Users/ryanbowman/Library/Application%20Support/iPhone%20Simulator/7.0.3-64/Applications/2336DE44-0585-4749-B2BC-081461875966/HelloWorld.app/www/index.html
